nohup: ignoring input
gr-osmosdr v0.1.4-72-g164a09fc (0.1.5git) gnuradio v3.7.10-48-g440da176
built-in source types: file osmosdr fcd rtl rtl_tcp bladerf rfspace redpitaya 
Using device #0 Realtek RTL2838UHIDIR SN: 00000001
Using 8 buffers of size 262144.
Found Rafael Micro R820T tuner
[R82XX] PLL not locked!
Exact sample rate is: 1450000.057618 Hz
[R82XX] PLL not locked!
Project 25 IMBE Encoder/Decoder Fixed-Point implementation
Developed by Pavel Yazev E-mail: pyazev@gmail.com
Version 1.0 (c) Copyright 2009
This program comes with ABSOLUTELY NO WARRANTY.
This is free software, and you are welcome to redistribute it
under certain conditions; see the file ``LICENSE'' for details.
gr-osmosdr v0.1.4-72-g164a09fc (0.1.5git) gnuradio v3.7.10-48-g440da176
built-in source types: file osmosdr fcd rtl rtl_tcp bladerf rfspace redpitaya 
Using device #1 Realtek RTL2838UHIDIR SN: 00000002
Using 8 buffers of size 262144.
Found Rafael Micro R820T tuner
[R82XX] PLL not locked!
[R82XX] PLL not locked!
